Build started 2014-11-01 5:12:32 AM.
     1>Project "C:\Users\Dom\workspace\AudienceDistraction\AudienceDistraction\AudienceDistraction.vcxproj" on node 2 (Build target(s)).
     1>ClCompile:
         C:\Program Files (x86)\Microsoft Visual Studio 12.0\VC\bin\CL.exe /c /IC:\opencv\build\include /ZI /nologo /W3 /WX- /sdl /Od /Oy- /D WIN32 /D _DEBUG /D _CONSOLE /D _LIB /D _UNICODE /D UNICODE /Gm /EHsc /RTC1 /MDd /GS /fp:precise /Zc:wchar_t /Zc:forScope /Yu"stdafx.h" /Fp"Debug\AudienceDistraction.pch" /Fo"Debug\\" /Fd"Debug\vc120.pdb" /Gd /TP /analyze- /errorReport:prompt AudienceDistraction.cpp
         AudienceDistraction.cpp
     1>c:\users\dom\workspace\audiencedistraction\audiencedistraction\audiencedistraction.cpp(37): error C3861: 'cvCaptureFromCAM': identifier not found
     1>c:\users\dom\workspace\audiencedistraction\audiencedistraction\audiencedistraction.cpp(42): error C3861: 'cvQueryFrame': identifier not found
     1>c:\users\dom\workspace\audiencedistraction\audiencedistraction\audiencedistraction.cpp(67): error C2065: 'CV_BGR2GRAY' : undeclared identifier
     1>c:\users\dom\workspace\audiencedistraction\audiencedistraction\audiencedistraction.cpp(71): error C2065: 'CV_HAAR_SCALE_IMAGE' : undeclared identifier
     1>c:\users\dom\workspace\audiencedistraction\audiencedistraction\audiencedistraction.cpp(71): error C2664: 'void cv::CascadeClassifier::detectMultiScale(cv::InputArray,std::vector<cv::Rect,std::allocator<_Ty>> &,std::vector<int,std::allocator<int>> &,std::vector<_Tp,std::allocator<double>> &,double,int,int,cv::Size,cv::Size,bool)' : cannot convert argument 5 from 'cv::Size_<int>' to 'int'
                 with
                 [
                     _Ty=cv::Rect
         ,            _Tp=double
                 ]
                 No user-defined-conversion operator available that can perform this conversion, or the operator cannot be called
     1>c:\users\dom\workspace\audiencedistraction\audiencedistraction\audiencedistraction.cpp(75): warning C4244: 'argument' : conversion from 'double' to 'int', possible loss of data
     1>c:\users\dom\workspace\audiencedistraction\audiencedistraction\audiencedistraction.cpp(76): warning C4244: 'argument' : conversion from 'double' to 'int', possible loss of data
     1>c:\users\dom\workspace\audiencedistraction\audiencedistraction\audiencedistraction.cpp(82): error C2065: 'CV_HAAR_SCALE_IMAGE' : undeclared identifier
     1>c:\users\dom\workspace\audiencedistraction\audiencedistraction\audiencedistraction.cpp(82): error C2664: 'void cv::CascadeClassifier::detectMultiScale(cv::InputArray,std::vector<cv::Rect,std::allocator<_Ty>> &,std::vector<int,std::allocator<int>> &,std::vector<_Tp,std::allocator<double>> &,double,int,int,cv::Size,cv::Size,bool)' : cannot convert argument 5 from 'cv::Size_<int>' to 'int'
                 with
                 [
                     _Ty=cv::Rect
         ,            _Tp=double
                 ]
                 No user-defined-conversion operator available that can perform this conversion, or the operator cannot be called
     1>c:\users\dom\workspace\audiencedistraction\audiencedistraction\audiencedistraction.cpp(86): warning C4244: 'argument' : conversion from 'double' to 'int', possible loss of data
     1>Done Building Project "C:\Users\Dom\workspace\AudienceDistraction\AudienceDistraction\AudienceDistraction.vcxproj" (Build target(s)) -- FAILED.

Build FAILED.

Time Elapsed 00:00:01.80
